<?xml version="1.0" encoding="UTF-8"?>
<coverage generated="1739777226589" clover="3.2.0">
  <project timestamp="1739777226589" name="All files">
    <metrics statements="173" coveredstatements="136" conditionals="57" coveredconditionals="40" methods="66" coveredmethods="48" elements="296" coveredelements="224" complexity="0" loc="173" ncloc="173" packages="1" files="6" classes="6"/>
    <file name="Aluno.ts" path="C:\Users\kisla\OneDrive\Área de Trabalho\mySQL-1\src\Aluno.ts">
      <metrics statements="61" coveredstatements="43" conditionals="14" coveredconditionals="9" methods="23" coveredmethods="12"/>
      <line num="5" count="4" type="stmt"/>
      <line num="13" count="23" type="stmt"/>
      <line num="14" count="23" type="stmt"/>
      <line num="17" count="23" type="stmt"/>
      <line num="18" count="23" type="stmt"/>
      <line num="19" count="23" type="stmt"/>
      <line num="20" count="23" type="stmt"/>
      <line num="21" count="23" type="stmt"/>
      <line num="22" count="23" type="stmt"/>
      <line num="23" count="23" type="stmt"/>
      <line num="28" count="3" type="stmt"/>
      <line num="29" count="3" type="cond" truecount="1" falsecount="0"/>
      <line num="30" count="3" type="stmt"/>
      <line num="33" count="3" type="stmt"/>
      <line num="34" count="3" type="cond" truecount="1" falsecount="0"/>
      <line num="35" count="3" type="stmt"/>
      <line num="36" count="3" type="stmt"/>
      <line num="42" count="0" type="stmt"/>
      <line num="45" count="0" type="stmt"/>
      <line num="46" count="0" type="stmt"/>
      <line num="56" count="8" type="cond" truecount="2" falsecount="0"/>
      <line num="59" count="8" type="stmt"/>
      <line num="61" count="8" type="cond" truecount="0" falsecount="1"/>
      <line num="62" count="0" type="stmt"/>
      <line num="63" count="0" type="stmt"/>
      <line num="64" count="0" type="stmt"/>
      <line num="68" count="8" type="cond" truecount="2" falsecount="0"/>
      <line num="69" count="1" type="stmt"/>
      <line num="72" count="7" type="stmt"/>
      <line num="78" count="4" type="stmt"/>
      <line num="80" count="4" type="stmt"/>
      <line num="83" count="4" type="stmt"/>
      <line num="86" count="4" type="cond" truecount="1" falsecount="0"/>
      <line num="87" count="4" type="stmt"/>
      <line num="90" count="0" type="stmt"/>
      <line num="96" count="4" type="stmt"/>
      <line num="99" count="1" type="cond" truecount="0" falsecount="1"/>
      <line num="100" count="0" type="stmt"/>
      <line num="101" count="0" type="stmt"/>
      <line num="105" count="1" type="stmt"/>
      <line num="106" count="1" type="stmt"/>
      <line num="107" count="4" type="stmt"/>
      <line num="110" count="1" type="cond" truecount="0" falsecount="1"/>
      <line num="111" count="0" type="stmt"/>
      <line num="112" count="0" type="stmt"/>
      <line num="116" count="1" type="stmt"/>
      <line num="118" count="1" type="stmt"/>
      <line num="124" count="3" type="stmt"/>
      <line num="125" count="3" type="cond" truecount="1" falsecount="0"/>
      <line num="126" count="3" type="cond" truecount="1" falsecount="1"/>
      <line num="127" count="3" type="cond" truecount="0" falsecount="1"/>
      <line num="128" count="3" type="stmt"/>
      <line num="130" count="0" type="stmt"/>
      <line num="134" count="3" type="stmt"/>
      <line num="138" count="0" type="stmt"/>
      <line num="142" count="0" type="stmt"/>
      <line num="146" count="0" type="stmt"/>
      <line num="150" count="0" type="stmt"/>
      <line num="154" count="0" type="stmt"/>
      <line num="158" count="0" type="stmt"/>
      <line num="162" count="4" type="stmt"/>
    </file>
    <file name="Disciplina.ts" path="C:\Users\kisla\OneDrive\Área de Trabalho\mySQL-1\src\Disciplina.ts">
      <metrics statements="7" coveredstatements="7" conditionals="0" coveredconditionals="0" methods="4" coveredmethods="4"/>
      <line num="2" count="6" type="stmt"/>
      <line num="8" count="31" type="stmt"/>
      <line num="9" count="31" type="stmt"/>
      <line num="10" count="31" type="stmt"/>
      <line num="15" count="40" type="stmt"/>
      <line num="19" count="6" type="stmt"/>
      <line num="23" count="6" type="stmt"/>
    </file>
    <file name="Nota.js" path="C:\Users\kisla\OneDrive\Área de Trabalho\mySQL-1\src\Nota.js">
      <metrics statements="30" coveredstatements="19" conditionals="6" coveredconditionals="0" methods="9" coveredmethods="4"/>
      <line num="2" count="8" type="stmt"/>
      <line num="3" count="8" type="stmt"/>
      <line num="4" count="8" type="stmt"/>
      <line num="6" count="1" type="stmt"/>
      <line num="7" count="1" type="stmt"/>
      <line num="8" count="1" type="stmt"/>
      <line num="9" count="1" type="stmt"/>
      <line num="10" count="1" type="stmt"/>
      <line num="12" count="8" type="stmt"/>
      <line num="13" count="0" type="stmt"/>
      <line num="14" count="0" type="cond" truecount="0" falsecount="4"/>
      <line num="15" count="0" type="stmt"/>
      <line num="17" count="0" type="stmt"/>
      <line num="20" count="0" type="cond" truecount="0" falsecount="2"/>
      <line num="22" count="0" type="stmt"/>
      <line num="26" count="0" type="stmt"/>
      <line num="31" count="8" type="stmt"/>
      <line num="32" count="0" type="stmt"/>
      <line num="34" count="8" type="stmt"/>
      <line num="36" count="4" type="stmt"/>
      <line num="41" count="8" type="stmt"/>
      <line num="43" count="0" type="stmt"/>
      <line num="48" count="8" type="stmt"/>
      <line num="50" count="0" type="stmt"/>
      <line num="55" count="8" type="stmt"/>
      <line num="57" count="0" type="stmt"/>
      <line num="62" count="8" type="stmt"/>
      <line num="64" count="1" type="stmt"/>
      <line num="69" count="8" type="stmt"/>
      <line num="71" count="8" type="stmt"/>
    </file>
    <file name="Nota.ts" path="C:\Users\kisla\OneDrive\Área de Trabalho\mySQL-1\src\Nota.ts">
      <metrics statements="19" coveredstatements="18" conditionals="5" coveredconditionals="4" methods="8" coveredmethods="8"/>
      <line num="4" count="3" type="stmt"/>
      <line num="13" count="17" type="stmt"/>
      <line num="14" count="17" type="stmt"/>
      <line num="15" count="17" type="stmt"/>
      <line num="16" count="17" type="stmt"/>
      <line num="17" count="17" type="stmt"/>
      <line num="21" count="6" type="stmt"/>
      <line num="22" count="6" type="cond" truecount="3" falsecount="0"/>
      <line num="23" count="4" type="stmt"/>
      <line num="25" count="2" type="stmt"/>
      <line num="27" count="4" type="cond" truecount="1" falsecount="1"/>
      <line num="29" count="4" type="stmt"/>
      <line num="32" count="0" type="stmt"/>
      <line num="40" count="2" type="stmt"/>
      <line num="44" count="28" type="stmt"/>
      <line num="48" count="21" type="stmt"/>
      <line num="52" count="2" type="stmt"/>
      <line num="56" count="2" type="stmt"/>
      <line num="60" count="16" type="stmt"/>
    </file>
    <file name="Professor.ts" path="C:\Users\kisla\OneDrive\Área de Trabalho\mySQL-1\src\Professor.ts">
      <metrics statements="30" coveredstatements="27" conditionals="16" coveredconditionals="13" methods="8" coveredmethods="8"/>
      <line num="3" count="8" type="stmt"/>
      <line num="5" count="8" type="stmt"/>
      <line num="12" count="45" type="stmt"/>
      <line num="13" count="45" type="stmt"/>
      <line num="14" count="45" type="stmt"/>
      <line num="15" count="45" type="stmt"/>
      <line num="19" count="3" type="stmt"/>
      <line num="23" count="3" type="stmt"/>
      <line num="27" count="1" type="stmt"/>
      <line num="31" count="1" type="stmt"/>
      <line num="36" count="3" type="cond" truecount="2" falsecount="1"/>
      <line num="37" count="0" type="stmt"/>
      <line num="40" count="3" type="cond" truecount="3" falsecount="0"/>
      <line num="41" count="2" type="stmt"/>
      <line num="44" count="1" type="stmt"/>
      <line num="45" count="1" type="stmt"/>
      <line num="46" count="1" type="stmt"/>
      <line num="51" count="3" type="cond" truecount="2" falsecount="1"/>
      <line num="52" count="0" type="stmt"/>
      <line num="55" count="3" type="cond" truecount="4" falsecount="0"/>
      <line num="56" count="2" type="stmt"/>
      <line num="59" count="1" type="stmt"/>
      <line num="60" count="1" type="stmt"/>
      <line num="65" count="1" type="cond" truecount="2" falsecount="1"/>
      <line num="66" count="0" type="stmt"/>
      <line num="69" count="1" type="stmt"/>
      <line num="70" count="1" type="stmt"/>
      <line num="71" count="1" type="stmt"/>
      <line num="72" count="1" type="stmt"/>
      <line num="73" count="1" type="stmt"/>
    </file>
    <file name="Turma.ts" path="C:\Users\kisla\OneDrive\Área de Trabalho\mySQL-1\src\Turma.ts">
      <metrics statements="26" coveredstatements="22" conditionals="16" coveredconditionals="14" methods="14" coveredmethods="12"/>
      <line num="4" count="6" type="stmt"/>
      <line num="8" count="37" type="stmt"/>
      <line num="9" count="37" type="stmt"/>
      <line num="12" count="37" type="stmt"/>
      <line num="13" count="37" type="stmt"/>
      <line num="14" count="37" type="stmt"/>
      <line num="18" count="6" type="cond" truecount="3" falsecount="1"/>
      <line num="19" count="0" type="stmt"/>
      <line num="22" count="6" type="cond" truecount="1" falsecount="0"/>
      <line num="23" count="2" type="stmt"/>
      <line num="26" count="4" type="stmt"/>
      <line num="30" count="8" type="cond" truecount="3" falsecount="1"/>
      <line num="31" count="0" type="stmt"/>
      <line num="34" count="8" type="cond" truecount="3" falsecount="0"/>
      <line num="35" count="2" type="stmt"/>
      <line num="38" count="6" type="stmt"/>
      <line num="42" count="4" type="cond" truecount="4" falsecount="0"/>
      <line num="43" count="2" type="stmt"/>
      <line num="45" count="2" type="stmt"/>
      <line num="50" count="0" type="stmt"/>
      <line num="54" count="0" type="stmt"/>
      <line num="63" count="2" type="stmt"/>
      <line num="67" count="2" type="stmt"/>
      <line num="71" count="2" type="stmt"/>
      <line num="75" count="4" type="stmt"/>
      <line num="79" count="4" type="stmt"/>
    </file>
  </project>
</coverage>
