{"C:\\Users\\kisla\\OneDrive\\Área de Trabalho\\mySQL-1\\src\\Aluno.ts": {"path":"C:\\Users\\kisla\\OneDrive\\Área de Trabalho\\mySQL-1\\src\\Aluno.ts","statementMap":{"0":{"start":{"line":13,"column":31},"end":{"line":13,"column":33}},"1":{"start":{"line":14,"column":81},"end":{"line":14,"column":90}},"2":{"start":{"line":17,"column":8},"end":{"line":17,"column":26}},"3":{"start":{"line":18,"column":8},"end":{"line":18,"column":47}},"4":{"start":{"line":19,"column":8},"end":{"line":19,"column":34}},"5":{"start":{"line":20,"column":8},"end":{"line":20,"column":28}},"6":{"start":{"line":21,"column":8},"end":{"line":21,"column":28}},"7":{"start":{"line":22,"column":8},"end":{"line":22,"column":32}},"8":{"start":{"line":23,"column":8},"end":{"line":23,"column":28}},"9":{"start":{"line":28,"column":20},"end":{"line":28,"column":35}},"10":{"start":{"line":29,"column":8},"end":{"line":31,"column":9}},"11":{"start":{"line":30,"column":12},"end":{"line":30,"column":70}},"12":{"start":{"line":33,"column":20},"end":{"line":33,"column":47}},"13":{"start":{"line":34,"column":8},"end":{"line":37,"column":9}},"14":{"start":{"line":35,"column":12},"end":{"line":35,"column":43}},"15":{"start":{"line":36,"column":12},"end":{"line":36,"column":35}},"16":{"start":{"line":42,"column":8},"end":{"line":49,"column":10}},"17":{"start":{"line":45,"column":16},"end":{"line":45,"column":33}},"18":{"start":{"line":46,"column":16},"end":{"line":46,"column":27}},"19":{"start":{"line":56,"column":34},"end":{"line":56,"column":133}},"20":{"start":{"line":56,"column":58},"end":{"line":56,"column":132}},"21":{"start":{"line":59,"column":26},"end":{"line":59,"column":84}},"22":{"start":{"line":59,"column":63},"end":{"line":59,"column":80}},"23":{"start":{"line":61,"column":8},"end":{"line":65,"column":9}},"24":{"start":{"line":62,"column":12},"end":{"line":62,"column":99}},"25":{"start":{"line":63,"column":12},"end":{"line":63,"column":93}},"26":{"start":{"line":64,"column":12},"end":{"line":64,"column":19}},"27":{"start":{"line":68,"column":8},"end":{"line":73,"column":9}},"28":{"start":{"line":69,"column":12},"end":{"line":69,"column":112}},"29":{"start":{"line":72,"column":12},"end":{"line":72,"column":35}},"30":{"start":{"line":78,"column":34},"end":{"line":78,"column":86}},"31":{"start":{"line":78,"column":58},"end":{"line":78,"column":85}},"32":{"start":{"line":80,"column":33},"end":{"line":80,"column":78}},"33":{"start":{"line":80,"column":63},"end":{"line":80,"column":77}},"34":{"start":{"line":83,"column":26},"end":{"line":83,"column":85}},"35":{"start":{"line":83,"column":64},"end":{"line":83,"column":81}},"36":{"start":{"line":86,"column":8},"end":{"line":88,"column":9}},"37":{"start":{"line":87,"column":12},"end":{"line":87,"column":23}},"38":{"start":{"line":90,"column":8},"end":{"line":90,"column":25}},"39":{"start":{"line":96,"column":34},"end":{"line":96,"column":102}},"40":{"start":{"line":96,"column":61},"end":{"line":96,"column":101}},"41":{"start":{"line":99,"column":8},"end":{"line":102,"column":9}},"42":{"start":{"line":100,"column":12},"end":{"line":100,"column":88}},"43":{"start":{"line":101,"column":12},"end":{"line":101,"column":22}},"44":{"start":{"line":105,"column":24},"end":{"line":105,"column":25}},"45":{"start":{"line":106,"column":8},"end":{"line":108,"column":11}},"46":{"start":{"line":107,"column":12},"end":{"line":107,"column":40}},"47":{"start":{"line":110,"column":8},"end":{"line":113,"column":9}},"48":{"start":{"line":111,"column":12},"end":{"line":111,"column":89}},"49":{"start":{"line":112,"column":12},"end":{"line":112,"column":21}},"50":{"start":{"line":116,"column":22},"end":{"line":116,"column":35}},"51":{"start":{"line":118,"column":8},"end":{"line":118,"column":21}},"52":{"start":{"line":124,"column":20},"end":{"line":124,"column":35}},"53":{"start":{"line":125,"column":8},"end":{"line":129,"column":9}},"54":{"start":{"line":126,"column":41},"end":{"line":126,"column":100}},"55":{"start":{"line":127,"column":12},"end":{"line":127,"column":44}},"56":{"start":{"line":127,"column":34},"end":{"line":127,"column":44}},"57":{"start":{"line":128,"column":12},"end":{"line":128,"column":87}},"58":{"start":{"line":130,"column":8},"end":{"line":130,"column":18}},"59":{"start":{"line":134,"column":8},"end":{"line":134,"column":26}},"60":{"start":{"line":138,"column":8},"end":{"line":138,"column":29}},"61":{"start":{"line":142,"column":8},"end":{"line":142,"column":27}},"62":{"start":{"line":146,"column":8},"end":{"line":146,"column":37}},"63":{"start":{"line":150,"column":8},"end":{"line":150,"column":30}},"64":{"start":{"line":154,"column":8},"end":{"line":154,"column":27}},"65":{"start":{"line":158,"column":8},"end":{"line":158,"column":27}},"66":{"start":{"line":162,"column":8},"end":{"line":162,"column":27}},"67":{"start":{"line":5,"column":0},"end":{"line":5,"column":13}}},"fnMap":{"0":{"name":"(anonymous_0)","decl":{"start":{"line":16,"column":4},"end":{"line":16,"column":16}},"loc":{"start":{"line":16,"column":131},"end":{"line":24,"column":5}}},"1":{"name":"(anonymous_1)","decl":{"start":{"line":27,"column":4},"end":{"line":27,"column":25}},"loc":{"start":{"line":27,"column":84},"end":{"line":38,"column":5}}},"2":{"name":"(anonymous_2)","decl":{"start":{"line":41,"column":4},"end":{"line":41,"column":10}},"loc":{"start":{"line":41,"column":10},"end":{"line":50,"column":5}}},"3":{"name":"(anonymous_3)","decl":{"start":{"line":44,"column":96},"end":{"line":44,"column":97}},"loc":{"start":{"line":44,"column":118},"end":{"line":47,"column":13}}},"4":{"name":"(anonymous_4)","decl":{"start":{"line":55,"column":4},"end":{"line":55,"column":17}},"loc":{"start":{"line":55,"column":28},"end":{"line":74,"column":5}}},"5":{"name":"(anonymous_5)","decl":{"start":{"line":56,"column":53},"end":{"line":56,"column":54}},"loc":{"start":{"line":56,"column":58},"end":{"line":56,"column":132}}},"6":{"name":"(anonymous_6)","decl":{"start":{"line":59,"column":51},"end":{"line":59,"column":52}},"loc":{"start":{"line":59,"column":63},"end":{"line":59,"column":80}}},"7":{"name":"(anonymous_7)","decl":{"start":{"line":77,"column":4},"end":{"line":77,"column":17}},"loc":{"start":{"line":77,"column":41},"end":{"line":91,"column":5}}},"8":{"name":"(anonymous_8)","decl":{"start":{"line":78,"column":53},"end":{"line":78,"column":54}},"loc":{"start":{"line":78,"column":58},"end":{"line":78,"column":85}}},"9":{"name":"(anonymous_9)","decl":{"start":{"line":80,"column":58},"end":{"line":80,"column":59}},"loc":{"start":{"line":80,"column":63},"end":{"line":80,"column":77}}},"10":{"name":"(anonymous_10)","decl":{"start":{"line":83,"column":52},"end":{"line":83,"column":53}},"loc":{"start":{"line":83,"column":64},"end":{"line":83,"column":81}}},"11":{"name":"(anonymous_11)","decl":{"start":{"line":94,"column":4},"end":{"line":94,"column":22}},"loc":{"start":{"line":94,"column":45},"end":{"line":119,"column":5}}},"12":{"name":"(anonymous_12)","decl":{"start":{"line":96,"column":53},"end":{"line":96,"column":57}},"loc":{"start":{"line":96,"column":61},"end":{"line":96,"column":101}}},"13":{"name":"(anonymous_13)","decl":{"start":{"line":106,"column":34},"end":{"line":106,"column":38}},"loc":{"start":{"line":106,"column":41},"end":{"line":108,"column":9}}},"14":{"name":"(anonymous_14)","decl":{"start":{"line":123,"column":4},"end":{"line":123,"column":22}},"loc":{"start":{"line":123,"column":45},"end":{"line":131,"column":5}}},"15":{"name":"(anonymous_15)","decl":{"start":{"line":133,"column":4},"end":{"line":133,"column":8}},"loc":{"start":{"line":133,"column":12},"end":{"line":135,"column":5}}},"16":{"name":"(anonymous_16)","decl":{"start":{"line":137,"column":4},"end":{"line":137,"column":8}},"loc":{"start":{"line":137,"column":20},"end":{"line":139,"column":5}}},"17":{"name":"(anonymous_17)","decl":{"start":{"line":141,"column":4},"end":{"line":141,"column":8}},"loc":{"start":{"line":141,"column":13},"end":{"line":143,"column":5}}},"18":{"name":"(anonymous_18)","decl":{"start":{"line":145,"column":4},"end":{"line":145,"column":8}},"loc":{"start":{"line":145,"column":22},"end":{"line":147,"column":5}}},"19":{"name":"(anonymous_19)","decl":{"start":{"line":149,"column":4},"end":{"line":149,"column":8}},"loc":{"start":{"line":149,"column":16},"end":{"line":151,"column":5}}},"20":{"name":"(anonymous_20)","decl":{"start":{"line":153,"column":4},"end":{"line":153,"column":8}},"loc":{"start":{"line":153,"column":13},"end":{"line":155,"column":5}}},"21":{"name":"(anonymous_21)","decl":{"start":{"line":157,"column":4},"end":{"line":157,"column":8}},"loc":{"start":{"line":157,"column":13},"end":{"line":159,"column":5}}},"22":{"name":"(anonymous_22)","decl":{"start":{"line":161,"column":4},"end":{"line":161,"column":8}},"loc":{"start":{"line":161,"column":13},"end":{"line":163,"column":5}}}},"branchMap":{"0":{"loc":{"start":{"line":29,"column":8},"end":{"line":31,"column":9}},"type":"if","locations":[{"start":{"line":29,"column":8},"end":{"line":31,"column":9}}]},"1":{"loc":{"start":{"line":34,"column":8},"end":{"line":37,"column":9}},"type":"if","locations":[{"start":{"line":34,"column":8},"end":{"line":37,"column":9}}]},"2":{"loc":{"start":{"line":56,"column":58},"end":{"line":56,"column":132}},"type":"binary-expr","locations":[{"start":{"line":56,"column":58},"end":{"line":56,"column":100}},{"start":{"line":56,"column":104},"end":{"line":56,"column":132}}]},"3":{"loc":{"start":{"line":61,"column":8},"end":{"line":65,"column":9}},"type":"if","locations":[{"start":{"line":61,"column":8},"end":{"line":65,"column":9}}]},"4":{"loc":{"start":{"line":68,"column":8},"end":{"line":73,"column":9}},"type":"if","locations":[{"start":{"line":68,"column":8},"end":{"line":73,"column":9}},{"start":{"line":70,"column":15},"end":{"line":73,"column":9}}]},"5":{"loc":{"start":{"line":86,"column":8},"end":{"line":88,"column":9}},"type":"if","locations":[{"start":{"line":86,"column":8},"end":{"line":88,"column":9}}]},"6":{"loc":{"start":{"line":99,"column":8},"end":{"line":102,"column":9}},"type":"if","locations":[{"start":{"line":99,"column":8},"end":{"line":102,"column":9}}]},"7":{"loc":{"start":{"line":110,"column":8},"end":{"line":113,"column":9}},"type":"if","locations":[{"start":{"line":110,"column":8},"end":{"line":113,"column":9}}]},"8":{"loc":{"start":{"line":125,"column":8},"end":{"line":129,"column":9}},"type":"if","locations":[{"start":{"line":125,"column":8},"end":{"line":129,"column":9}}]},"9":{"loc":{"start":{"line":126,"column":41},"end":{"line":126,"column":100}},"type":"binary-expr","locations":[{"start":{"line":126,"column":41},"end":{"line":126,"column":68}},{"start":{"line":126,"column":72},"end":{"line":126,"column":100}}]},"10":{"loc":{"start":{"line":127,"column":12},"end":{"line":127,"column":44}},"type":"if","locations":[{"start":{"line":127,"column":12},"end":{"line":127,"column":44}}]}},"s":{"0":23,"1":23,"2":23,"3":23,"4":23,"5":23,"6":23,"7":23,"8":23,"9":3,"10":3,"11":3,"12":3,"13":3,"14":3,"15":3,"16":0,"17":0,"18":0,"19":8,"20":7,"21":8,"22":1,"23":8,"24":0,"25":0,"26":0,"27":8,"28":1,"29":7,"30":4,"31":0,"32":4,"33":0,"34":4,"35":0,"36":4,"37":4,"38":0,"39":1,"40":4,"41":1,"42":0,"43":0,"44":1,"45":1,"46":4,"47":1,"48":0,"49":0,"50":1,"51":1,"52":3,"53":3,"54":3,"55":3,"56":0,"57":3,"58":0,"59":3,"60":0,"61":0,"62":0,"63":0,"64":0,"65":0,"66":4,"67":4},"f":{"0":23,"1":3,"2":0,"3":0,"4":8,"5":7,"6":1,"7":4,"8":0,"9":0,"10":0,"11":1,"12":4,"13":4,"14":3,"15":3,"16":0,"17":0,"18":0,"19":0,"20":0,"21":0,"22":4},"b":{"0":[3],"1":[3],"2":[7,7],"3":[0],"4":[1,7],"5":[4],"6":[0],"7":[0],"8":[3],"9":[3,0],"10":[0]}}
,"C:\\Users\\kisla\\OneDrive\\Área de Trabalho\\mySQL-1\\src\\Disciplina.ts": {"path":"C:\\Users\\kisla\\OneDrive\\Área de Trabalho\\mySQL-1\\src\\Disciplina.ts","statementMap":{"0":{"start":{"line":8,"column":8},"end":{"line":8,"column":25}},"1":{"start":{"line":9,"column":8},"end":{"line":9,"column":38}},"2":{"start":{"line":10,"column":8},"end":{"line":10,"column":46}},"3":{"start":{"line":15,"column":8},"end":{"line":15,"column":null}},"4":{"start":{"line":19,"column":8},"end":{"line":19,"column":38}},"5":{"start":{"line":23,"column":8},"end":{"line":23,"column":42}},"6":{"start":{"line":2,"column":0},"end":{"line":2,"column":13}}},"fnMap":{"0":{"name":"(anonymous_0)","decl":{"start":{"line":7,"column":4},"end":{"line":7,"column":16}},"loc":{"start":{"line":7,"column":62},"end":{"line":12,"column":5}}},"1":{"name":"(anonymous_1)","decl":{"start":{"line":14,"column":4},"end":{"line":14,"column":8}},"loc":{"start":{"line":14,"column":12},"end":{"line":16,"column":5}}},"2":{"name":"(anonymous_2)","decl":{"start":{"line":18,"column":4},"end":{"line":18,"column":8}},"loc":{"start":{"line":18,"column":23},"end":{"line":20,"column":5}}},"3":{"name":"(anonymous_3)","decl":{"start":{"line":22,"column":4},"end":{"line":22,"column":8}},"loc":{"start":{"line":22,"column":28},"end":{"line":24,"column":5}}}},"branchMap":{},"s":{"0":31,"1":31,"2":31,"3":40,"4":6,"5":6,"6":6},"f":{"0":31,"1":40,"2":6,"3":6},"b":{}}
,"C:\\Users\\kisla\\OneDrive\\Área de Trabalho\\mySQL-1\\src\\Nota.js": {"path":"C:\\Users\\kisla\\OneDrive\\Área de Trabalho\\mySQL-1\\src\\Nota.js","statementMap":{"0":{"start":{"line":2,"column":0},"end":{"line":2,"column":62}},"1":{"start":{"line":3,"column":0},"end":{"line":3,"column":22}},"2":{"start":{"line":4,"column":26},"end":{"line":70,"column":3}},"3":{"start":{"line":6,"column":8},"end":{"line":6,"column":36}},"4":{"start":{"line":7,"column":8},"end":{"line":7,"column":38}},"5":{"start":{"line":8,"column":8},"end":{"line":8,"column":28}},"6":{"start":{"line":9,"column":8},"end":{"line":9,"column":44}},"7":{"start":{"line":10,"column":8},"end":{"line":10,"column":34}},"8":{"start":{"line":12,"column":4},"end":{"line":29,"column":6}},"9":{"start":{"line":13,"column":8},"end":{"line":28,"column":9}},"10":{"start":{"line":14,"column":12},"end":{"line":16,"column":13}},"11":{"start":{"line":15,"column":16},"end":{"line":15,"column":83}},"12":{"start":{"line":17,"column":12},"end":{"line":17,"column":36}},"13":{"start":{"line":20,"column":12},"end":{"line":27,"column":13}},"14":{"start":{"line":22,"column":16},"end":{"line":22,"column":45}},"15":{"start":{"line":26,"column":16},"end":{"line":26,"column":76}},"16":{"start":{"line":31,"column":4},"end":{"line":33,"column":6}},"17":{"start":{"line":32,"column":8},"end":{"line":32,"column":31}},"18":{"start":{"line":34,"column":4},"end":{"line":40,"column":7}},"19":{"start":{"line":36,"column":12},"end":{"line":36,"column":35}},"20":{"start":{"line":41,"column":4},"end":{"line":47,"column":7}},"21":{"start":{"line":43,"column":12},"end":{"line":43,"column":36}},"22":{"start":{"line":48,"column":4},"end":{"line":54,"column":7}},"23":{"start":{"line":50,"column":12},"end":{"line":50,"column":31}},"24":{"start":{"line":55,"column":4},"end":{"line":61,"column":7}},"25":{"start":{"line":57,"column":12},"end":{"line":57,"column":39}},"26":{"start":{"line":62,"column":4},"end":{"line":68,"column":7}},"27":{"start":{"line":64,"column":12},"end":{"line":64,"column":34}},"28":{"start":{"line":69,"column":4},"end":{"line":69,"column":16}},"29":{"start":{"line":71,"column":0},"end":{"line":71,"column":20}}},"fnMap":{"0":{"name":"(anonymous_0)","decl":{"start":{"line":4,"column":26},"end":{"line":4,"column":27}},"loc":{"start":{"line":4,"column":38},"end":{"line":70,"column":1}},"line":4},"1":{"name":"Nota","decl":{"start":{"line":5,"column":13},"end":{"line":5,"column":17}},"loc":{"start":{"line":5,"column":73},"end":{"line":11,"column":5}},"line":5},"2":{"name":"(anonymous_2)","decl":{"start":{"line":12,"column":34},"end":{"line":12,"column":35}},"loc":{"start":{"line":12,"column":51},"end":{"line":29,"column":5}},"line":12},"3":{"name":"(anonymous_3)","decl":{"start":{"line":31,"column":35},"end":{"line":31,"column":36}},"loc":{"start":{"line":31,"column":47},"end":{"line":33,"column":5}},"line":31},"4":{"name":"(anonymous_4)","decl":{"start":{"line":35,"column":13},"end":{"line":35,"column":14}},"loc":{"start":{"line":35,"column":25},"end":{"line":37,"column":9}},"line":35},"5":{"name":"(anonymous_5)","decl":{"start":{"line":42,"column":13},"end":{"line":42,"column":14}},"loc":{"start":{"line":42,"column":25},"end":{"line":44,"column":9}},"line":42},"6":{"name":"(anonymous_6)","decl":{"start":{"line":49,"column":13},"end":{"line":49,"column":14}},"loc":{"start":{"line":49,"column":25},"end":{"line":51,"column":9}},"line":49},"7":{"name":"(anonymous_7)","decl":{"start":{"line":56,"column":13},"end":{"line":56,"column":14}},"loc":{"start":{"line":56,"column":25},"end":{"line":58,"column":9}},"line":56},"8":{"name":"(anonymous_8)","decl":{"start":{"line":63,"column":13},"end":{"line":63,"column":14}},"loc":{"start":{"line":63,"column":25},"end":{"line":65,"column":9}},"line":63}},"branchMap":{"0":{"loc":{"start":{"line":14,"column":12},"end":{"line":16,"column":13}},"type":"if","locations":[{"start":{"line":14,"column":12},"end":{"line":16,"column":13}},{"start":{},"end":{}}],"line":14},"1":{"loc":{"start":{"line":14,"column":16},"end":{"line":14,"column":40}},"type":"binary-expr","locations":[{"start":{"line":14,"column":16},"end":{"line":14,"column":25}},{"start":{"line":14,"column":29},"end":{"line":14,"column":40}}],"line":14},"2":{"loc":{"start":{"line":20,"column":12},"end":{"line":27,"column":13}},"type":"if","locations":[{"start":{"line":20,"column":12},"end":{"line":27,"column":13}},{"start":{"line":24,"column":17},"end":{"line":27,"column":13}}],"line":20}},"s":{"0":8,"1":8,"2":8,"3":1,"4":1,"5":1,"6":1,"7":1,"8":8,"9":0,"10":0,"11":0,"12":0,"13":0,"14":0,"15":0,"16":8,"17":0,"18":8,"19":4,"20":8,"21":0,"22":8,"23":0,"24":8,"25":0,"26":8,"27":1,"28":8,"29":8},"f":{"0":8,"1":1,"2":0,"3":0,"4":4,"5":0,"6":0,"7":0,"8":1},"b":{"0":[0,0],"1":[0,0],"2":[0,0]},"inputSourceMap":null,"_coverageSchema":"1a1c01bbd47fc00a2c39e90264f33305004495a9","hash":"3e7cae927240d015d7776de55b0c17b7b7637522"}
,"C:\\Users\\kisla\\OneDrive\\Área de Trabalho\\mySQL-1\\src\\Nota.ts": {"path":"C:\\Users\\kisla\\OneDrive\\Área de Trabalho\\mySQL-1\\src\\Nota.ts","statementMap":{"0":{"start":{"line":13,"column":8},"end":{"line":13,"column":36}},"1":{"start":{"line":14,"column":8},"end":{"line":14,"column":38}},"2":{"start":{"line":15,"column":8},"end":{"line":15,"column":28}},"3":{"start":{"line":16,"column":8},"end":{"line":16,"column":44}},"4":{"start":{"line":17,"column":8},"end":{"line":17,"column":null}},"5":{"start":{"line":21,"column":8},"end":{"line":34,"column":9}},"6":{"start":{"line":22,"column":12},"end":{"line":24,"column":13}},"7":{"start":{"line":23,"column":16},"end":{"line":23,"column":83}},"8":{"start":{"line":25,"column":12},"end":{"line":25,"column":36}},"9":{"start":{"line":27,"column":12},"end":{"line":33,"column":13}},"10":{"start":{"line":29,"column":16},"end":{"line":29,"column":45}},"11":{"start":{"line":32,"column":16},"end":{"line":32,"column":76}},"12":{"start":{"line":40,"column":8},"end":{"line":40,"column":31}},"13":{"start":{"line":44,"column":8},"end":{"line":44,"column":31}},"14":{"start":{"line":48,"column":8},"end":{"line":48,"column":32}},"15":{"start":{"line":52,"column":8},"end":{"line":52,"column":27}},"16":{"start":{"line":56,"column":8},"end":{"line":56,"column":35}},"17":{"start":{"line":60,"column":8},"end":{"line":60,"column":null}},"18":{"start":{"line":4,"column":0},"end":{"line":4,"column":13}}},"fnMap":{"0":{"name":"(anonymous_0)","decl":{"start":{"line":12,"column":4},"end":{"line":12,"column":16}},"loc":{"start":{"line":12,"column":111},"end":{"line":18,"column":5}}},"1":{"name":"(anonymous_1)","decl":{"start":{"line":20,"column":4},"end":{"line":20,"column":16}},"loc":{"start":{"line":20,"column":30},"end":{"line":35,"column":5}}},"2":{"name":"(anonymous_2)","decl":{"start":{"line":39,"column":4},"end":{"line":39,"column":17}},"loc":{"start":{"line":39,"column":17},"end":{"line":41,"column":5}}},"3":{"name":"(anonymous_3)","decl":{"start":{"line":43,"column":4},"end":{"line":43,"column":8}},"loc":{"start":{"line":43,"column":17},"end":{"line":45,"column":5}}},"4":{"name":"(anonymous_4)","decl":{"start":{"line":47,"column":4},"end":{"line":47,"column":8}},"loc":{"start":{"line":47,"column":18},"end":{"line":49,"column":5}}},"5":{"name":"(anonymous_5)","decl":{"start":{"line":51,"column":4},"end":{"line":51,"column":8}},"loc":{"start":{"line":51,"column":13},"end":{"line":53,"column":5}}},"6":{"name":"(anonymous_6)","decl":{"start":{"line":55,"column":4},"end":{"line":55,"column":8}},"loc":{"start":{"line":55,"column":21},"end":{"line":57,"column":5}}},"7":{"name":"(anonymous_7)","decl":{"start":{"line":59,"column":4},"end":{"line":59,"column":8}},"loc":{"start":{"line":59,"column":16},"end":{"line":61,"column":5}}}},"branchMap":{"0":{"loc":{"start":{"line":22,"column":12},"end":{"line":24,"column":13}},"type":"if","locations":[{"start":{"line":22,"column":12},"end":{"line":24,"column":13}}]},"1":{"loc":{"start":{"line":22,"column":16},"end":{"line":22,"column":40}},"type":"binary-expr","locations":[{"start":{"line":22,"column":16},"end":{"line":22,"column":25}},{"start":{"line":22,"column":29},"end":{"line":22,"column":40}}]},"2":{"loc":{"start":{"line":27,"column":12},"end":{"line":33,"column":13}},"type":"if","locations":[{"start":{"line":27,"column":12},"end":{"line":33,"column":13}},{"start":{"line":30,"column":19},"end":{"line":33,"column":13}}]}},"s":{"0":17,"1":17,"2":17,"3":17,"4":17,"5":6,"6":6,"7":4,"8":2,"9":4,"10":4,"11":0,"12":2,"13":28,"14":21,"15":2,"16":2,"17":16,"18":3},"f":{"0":17,"1":6,"2":2,"3":28,"4":21,"5":2,"6":2,"7":16},"b":{"0":[4],"1":[6,4],"2":[4,0]}}
,"C:\\Users\\kisla\\OneDrive\\Área de Trabalho\\mySQL-1\\src\\Professor.ts": {"path":"C:\\Users\\kisla\\OneDrive\\Área de Trabalho\\mySQL-1\\src\\Professor.ts","statementMap":{"0":{"start":{"line":3,"column":0},"end":{"line":3,"column":33}},"1":{"start":{"line":12,"column":8},"end":{"line":12,"column":26}},"2":{"start":{"line":13,"column":8},"end":{"line":13,"column":28}},"3":{"start":{"line":14,"column":8},"end":{"line":14,"column":42}},"4":{"start":{"line":15,"column":8},"end":{"line":15,"column":28}},"5":{"start":{"line":19,"column":8},"end":{"line":19,"column":26}},"6":{"start":{"line":23,"column":8},"end":{"line":23,"column":27}},"7":{"start":{"line":27,"column":8},"end":{"line":27,"column":34}},"8":{"start":{"line":31,"column":8},"end":{"line":31,"column":27}},"9":{"start":{"line":36,"column":8},"end":{"line":38,"column":9}},"10":{"start":{"line":37,"column":12},"end":{"line":37,"column":62}},"11":{"start":{"line":40,"column":8},"end":{"line":42,"column":9}},"12":{"start":{"line":41,"column":12},"end":{"line":41,"column":77}},"13":{"start":{"line":44,"column":19},"end":{"line":44,"column":82}},"14":{"start":{"line":45,"column":8},"end":{"line":45,"column":34}},"15":{"start":{"line":46,"column":8},"end":{"line":46,"column":141}},"16":{"start":{"line":51,"column":8},"end":{"line":53,"column":9}},"17":{"start":{"line":52,"column":12},"end":{"line":52,"column":62}},"18":{"start":{"line":55,"column":8},"end":{"line":57,"column":9}},"19":{"start":{"line":56,"column":12},"end":{"line":56,"column":134}},"20":{"start":{"line":59,"column":8},"end":{"line":59,"column":68}},"21":{"start":{"line":60,"column":8},"end":{"line":60,"column":142}},"22":{"start":{"line":65,"column":8},"end":{"line":67,"column":9}},"23":{"start":{"line":66,"column":12},"end":{"line":66,"column":62}},"24":{"start":{"line":69,"column":8},"end":{"line":69,"column":85}},"25":{"start":{"line":70,"column":8},"end":{"line":70,"column":84}},"26":{"start":{"line":71,"column":8},"end":{"line":71,"column":84}},"27":{"start":{"line":72,"column":8},"end":{"line":72,"column":84}},"28":{"start":{"line":73,"column":8},"end":{"line":73,"column":84}},"29":{"start":{"line":5,"column":0},"end":{"line":5,"column":13}}},"fnMap":{"0":{"name":"(anonymous_0)","decl":{"start":{"line":11,"column":4},"end":{"line":11,"column":16}},"loc":{"start":{"line":11,"column":80},"end":{"line":16,"column":5}}},"1":{"name":"(anonymous_1)","decl":{"start":{"line":18,"column":4},"end":{"line":18,"column":8}},"loc":{"start":{"line":18,"column":12},"end":{"line":20,"column":5}}},"2":{"name":"(anonymous_2)","decl":{"start":{"line":22,"column":4},"end":{"line":22,"column":8}},"loc":{"start":{"line":22,"column":13},"end":{"line":24,"column":5}}},"3":{"name":"(anonymous_3)","decl":{"start":{"line":26,"column":4},"end":{"line":26,"column":8}},"loc":{"start":{"line":26,"column":20},"end":{"line":28,"column":5}}},"4":{"name":"(anonymous_4)","decl":{"start":{"line":30,"column":4},"end":{"line":30,"column":8}},"loc":{"start":{"line":30,"column":13},"end":{"line":32,"column":5}}},"5":{"name":"(anonymous_5)","decl":{"start":{"line":35,"column":4},"end":{"line":35,"column":17}},"loc":{"start":{"line":35,"column":114},"end":{"line":47,"column":5}}},"6":{"name":"(anonymous_6)","decl":{"start":{"line":50,"column":4},"end":{"line":50,"column":25}},"loc":{"start":{"line":50,"column":98},"end":{"line":61,"column":5}}},"7":{"name":"(anonymous_7)","decl":{"start":{"line":64,"column":4},"end":{"line":64,"column":18}},"loc":{"start":{"line":64,"column":55},"end":{"line":74,"column":5}}}},"branchMap":{"0":{"loc":{"start":{"line":36,"column":8},"end":{"line":38,"column":9}},"type":"if","locations":[{"start":{"line":36,"column":8},"end":{"line":38,"column":9}}]},"1":{"loc":{"start":{"line":36,"column":12},"end":{"line":36,"column":33}},"type":"binary-expr","locations":[{"start":{"line":36,"column":12},"end":{"line":36,"column":18}},{"start":{"line":36,"column":22},"end":{"line":36,"column":33}}]},"2":{"loc":{"start":{"line":40,"column":8},"end":{"line":42,"column":9}},"type":"if","locations":[{"start":{"line":40,"column":8},"end":{"line":42,"column":9}}]},"3":{"loc":{"start":{"line":40,"column":12},"end":{"line":40,"column":44}},"type":"binary-expr","locations":[{"start":{"line":40,"column":12},"end":{"line":40,"column":25}},{"start":{"line":40,"column":29},"end":{"line":40,"column":44}}]},"4":{"loc":{"start":{"line":51,"column":8},"end":{"line":53,"column":9}},"type":"if","locations":[{"start":{"line":51,"column":8},"end":{"line":53,"column":9}}]},"5":{"loc":{"start":{"line":51,"column":12},"end":{"line":51,"column":33}},"type":"binary-expr","locations":[{"start":{"line":51,"column":12},"end":{"line":51,"column":18}},{"start":{"line":51,"column":22},"end":{"line":51,"column":33}}]},"6":{"loc":{"start":{"line":55,"column":8},"end":{"line":57,"column":9}},"type":"if","locations":[{"start":{"line":55,"column":8},"end":{"line":57,"column":9}}]},"7":{"loc":{"start":{"line":55,"column":12},"end":{"line":55,"column":83}},"type":"binary-expr","locations":[{"start":{"line":55,"column":12},"end":{"line":55,"column":26}},{"start":{"line":55,"column":30},"end":{"line":55,"column":40}},{"start":{"line":55,"column":44},"end":{"line":55,"column":83}}]},"8":{"loc":{"start":{"line":65,"column":8},"end":{"line":67,"column":9}},"type":"if","locations":[{"start":{"line":65,"column":8},"end":{"line":67,"column":9}}]},"9":{"loc":{"start":{"line":65,"column":12},"end":{"line":65,"column":33}},"type":"binary-expr","locations":[{"start":{"line":65,"column":12},"end":{"line":65,"column":18}},{"start":{"line":65,"column":22},"end":{"line":65,"column":33}}]}},"s":{"0":8,"1":45,"2":45,"3":45,"4":45,"5":3,"6":3,"7":1,"8":1,"9":3,"10":0,"11":3,"12":2,"13":1,"14":1,"15":1,"16":3,"17":0,"18":3,"19":2,"20":1,"21":1,"22":1,"23":0,"24":1,"25":1,"26":1,"27":1,"28":1,"29":8},"f":{"0":45,"1":3,"2":3,"3":1,"4":1,"5":3,"6":3,"7":1},"b":{"0":[0],"1":[3,3],"2":[2],"3":[3,2],"4":[0],"5":[3,3],"6":[2],"7":[3,2,2],"8":[0],"9":[1,1]}}
,"C:\\Users\\kisla\\OneDrive\\Área de Trabalho\\mySQL-1\\src\\Turma.ts": {"path":"C:\\Users\\kisla\\OneDrive\\Área de Trabalho\\mySQL-1\\src\\Turma.ts","statementMap":{"0":{"start":{"line":8,"column":43},"end":{"line":8,"column":45}},"1":{"start":{"line":9,"column":33},"end":{"line":9,"column":35}},"2":{"start":{"line":12,"column":8},"end":{"line":12,"column":37}},"3":{"start":{"line":13,"column":8},"end":{"line":13,"column":26}},"4":{"start":{"line":14,"column":8},"end":{"line":14,"column":28}},"5":{"start":{"line":18,"column":8},"end":{"line":20,"column":9}},"6":{"start":{"line":19,"column":12},"end":{"line":19,"column":64}},"7":{"start":{"line":22,"column":8},"end":{"line":24,"column":9}},"8":{"start":{"line":22,"column":40},"end":{"line":22,"column":66}},"9":{"start":{"line":23,"column":12},"end":{"line":23,"column":88}},"10":{"start":{"line":26,"column":8},"end":{"line":26,"column":43}},"11":{"start":{"line":30,"column":8},"end":{"line":32,"column":9}},"12":{"start":{"line":31,"column":12},"end":{"line":31,"column":59}},"13":{"start":{"line":34,"column":8},"end":{"line":36,"column":9}},"14":{"start":{"line":34,"column":35},"end":{"line":34,"column":83}},"15":{"start":{"line":35,"column":12},"end":{"line":35,"column":78}},"16":{"start":{"line":38,"column":8},"end":{"line":38,"column":33}},"17":{"start":{"line":42,"column":8},"end":{"line":46,"column":9}},"18":{"start":{"line":42,"column":35},"end":{"line":42,"column":83}},"19":{"start":{"line":43,"column":12},"end":{"line":43,"column":86}},"20":{"start":{"line":45,"column":12},"end":{"line":45,"column":66}},"21":{"start":{"line":50,"column":8},"end":{"line":59,"column":10}},"22":{"start":{"line":54,"column":63},"end":{"line":58,"column":14}},"23":{"start":{"line":63,"column":8},"end":{"line":63,"column":26}},"24":{"start":{"line":67,"column":8},"end":{"line":67,"column":32}},"25":{"start":{"line":71,"column":8},"end":{"line":71,"column":27}},"26":{"start":{"line":75,"column":8},"end":{"line":75,"column":33}},"27":{"start":{"line":79,"column":8},"end":{"line":79,"column":28}},"28":{"start":{"line":4,"column":0},"end":{"line":4,"column":13}}},"fnMap":{"0":{"name":"(anonymous_0)","decl":{"start":{"line":11,"column":4},"end":{"line":11,"column":16}},"loc":{"start":{"line":11,"column":62},"end":{"line":15,"column":5}}},"1":{"name":"(anonymous_1)","decl":{"start":{"line":17,"column":4},"end":{"line":17,"column":23}},"loc":{"start":{"line":17,"column":46},"end":{"line":27,"column":5}}},"2":{"name":"(anonymous_2)","decl":{"start":{"line":22,"column":35},"end":{"line":22,"column":36}},"loc":{"start":{"line":22,"column":40},"end":{"line":22,"column":66}}},"3":{"name":"(anonymous_3)","decl":{"start":{"line":29,"column":4},"end":{"line":29,"column":18}},"loc":{"start":{"line":29,"column":31},"end":{"line":39,"column":5}}},"4":{"name":"(anonymous_4)","decl":{"start":{"line":34,"column":30},"end":{"line":34,"column":31}},"loc":{"start":{"line":34,"column":35},"end":{"line":34,"column":83}}},"5":{"name":"(anonymous_5)","decl":{"start":{"line":41,"column":4},"end":{"line":41,"column":31}},"loc":{"start":{"line":41,"column":68},"end":{"line":47,"column":5}}},"6":{"name":"(anonymous_6)","decl":{"start":{"line":42,"column":30},"end":{"line":42,"column":31}},"loc":{"start":{"line":42,"column":35},"end":{"line":42,"column":83}}},"7":{"name":"(anonymous_7)","decl":{"start":{"line":49,"column":4},"end":{"line":49,"column":10}},"loc":{"start":{"line":49,"column":10},"end":{"line":60,"column":5}}},"8":{"name":"(anonymous_8)","decl":{"start":{"line":54,"column":48},"end":{"line":54,"column":58}},"loc":{"start":{"line":54,"column":63},"end":{"line":58,"column":14}}},"9":{"name":"(anonymous_9)","decl":{"start":{"line":62,"column":4},"end":{"line":62,"column":8}},"loc":{"start":{"line":62,"column":12},"end":{"line":64,"column":5}}},"10":{"name":"(anonymous_10)","decl":{"start":{"line":66,"column":4},"end":{"line":66,"column":8}},"loc":{"start":{"line":66,"column":18},"end":{"line":68,"column":5}}},"11":{"name":"(anonymous_11)","decl":{"start":{"line":70,"column":4},"end":{"line":70,"column":8}},"loc":{"start":{"line":70,"column":13},"end":{"line":72,"column":5}}},"12":{"name":"(anonymous_12)","decl":{"start":{"line":74,"column":4},"end":{"line":74,"column":8}},"loc":{"start":{"line":74,"column":19},"end":{"line":76,"column":5}}},"13":{"name":"(anonymous_13)","decl":{"start":{"line":78,"column":4},"end":{"line":78,"column":8}},"loc":{"start":{"line":78,"column":14},"end":{"line":80,"column":5}}}},"branchMap":{"0":{"loc":{"start":{"line":18,"column":8},"end":{"line":20,"column":9}},"type":"if","locations":[{"start":{"line":18,"column":8},"end":{"line":20,"column":9}}]},"1":{"loc":{"start":{"line":18,"column":12},"end":{"line":18,"column":112}},"type":"binary-expr","locations":[{"start":{"line":18,"column":12},"end":{"line":18,"column":23}},{"start":{"line":18,"column":27},"end":{"line":18,"column":62}},{"start":{"line":18,"column":66},"end":{"line":18,"column":112}}]},"2":{"loc":{"start":{"line":22,"column":8},"end":{"line":24,"column":9}},"type":"if","locations":[{"start":{"line":22,"column":8},"end":{"line":24,"column":9}}]},"3":{"loc":{"start":{"line":30,"column":8},"end":{"line":32,"column":9}},"type":"if","locations":[{"start":{"line":30,"column":8},"end":{"line":32,"column":9}}]},"4":{"loc":{"start":{"line":30,"column":12},"end":{"line":30,"column":87}},"type":"binary-expr","locations":[{"start":{"line":30,"column":12},"end":{"line":30,"column":18}},{"start":{"line":30,"column":22},"end":{"line":30,"column":52}},{"start":{"line":30,"column":56},"end":{"line":30,"column":87}}]},"5":{"loc":{"start":{"line":34,"column":8},"end":{"line":36,"column":9}},"type":"if","locations":[{"start":{"line":34,"column":8},"end":{"line":36,"column":9}}]},"6":{"loc":{"start":{"line":34,"column":35},"end":{"line":34,"column":83}},"type":"binary-expr","locations":[{"start":{"line":34,"column":35},"end":{"line":34,"column":56}},{"start":{"line":34,"column":60},"end":{"line":34,"column":83}}]},"7":{"loc":{"start":{"line":42,"column":8},"end":{"line":46,"column":9}},"type":"if","locations":[{"start":{"line":42,"column":8},"end":{"line":46,"column":9}},{"start":{"line":44,"column":15},"end":{"line":46,"column":9}}]},"8":{"loc":{"start":{"line":42,"column":35},"end":{"line":42,"column":83}},"type":"binary-expr","locations":[{"start":{"line":42,"column":35},"end":{"line":42,"column":56}},{"start":{"line":42,"column":60},"end":{"line":42,"column":83}}]}},"s":{"0":37,"1":37,"2":37,"3":37,"4":37,"5":6,"6":0,"7":6,"8":2,"9":2,"10":4,"11":8,"12":0,"13":8,"14":2,"15":2,"16":6,"17":4,"18":2,"19":2,"20":2,"21":0,"22":0,"23":2,"24":2,"25":2,"26":4,"27":4,"28":6},"f":{"0":37,"1":6,"2":2,"3":8,"4":2,"5":4,"6":2,"7":0,"8":0,"9":2,"10":2,"11":2,"12":4,"13":4},"b":{"0":[0],"1":[6,6,6],"2":[2],"3":[0],"4":[8,8,8],"5":[2],"6":[2,2],"7":[2,2],"8":[2,2]}}
}
