TN:
SF:src\Aluno.ts
FN:16,(anonymous_0)
FN:27,(anonymous_1)
FN:41,(anonymous_2)
FN:44,(anonymous_3)
FN:55,(anonymous_4)
FN:56,(anonymous_5)
FN:59,(anonymous_6)
FN:77,(anonymous_7)
FN:78,(anonymous_8)
FN:80,(anonymous_9)
FN:83,(anonymous_10)
FN:94,(anonymous_11)
FN:96,(anonymous_12)
FN:106,(anonymous_13)
FN:123,(anonymous_14)
FN:133,(anonymous_15)
FN:137,(anonymous_16)
FN:141,(anonymous_17)
FN:145,(anonymous_18)
FN:149,(anonymous_19)
FN:153,(anonymous_20)
FN:157,(anonymous_21)
FN:161,(anonymous_22)
FNF:23
FNH:12
FNDA:23,(anonymous_0)
FNDA:3,(anonymous_1)
FNDA:0,(anonymous_2)
FNDA:0,(anonymous_3)
FNDA:8,(anonymous_4)
FNDA:7,(anonymous_5)
FNDA:1,(anonymous_6)
FNDA:4,(anonymous_7)
FNDA:0,(anonymous_8)
FNDA:0,(anonymous_9)
FNDA:0,(anonymous_10)
FNDA:1,(anonymous_11)
FNDA:4,(anonymous_12)
FNDA:4,(anonymous_13)
FNDA:3,(anonymous_14)
FNDA:3,(anonymous_15)
FNDA:0,(anonymous_16)
FNDA:0,(anonymous_17)
FNDA:0,(anonymous_18)
FNDA:0,(anonymous_19)
FNDA:0,(anonymous_20)
FNDA:0,(anonymous_21)
FNDA:4,(anonymous_22)
DA:5,4
DA:13,23
DA:14,23
DA:17,23
DA:18,23
DA:19,23
DA:20,23
DA:21,23
DA:22,23
DA:23,23
DA:28,3
DA:29,3
DA:30,3
DA:33,3
DA:34,3
DA:35,3
DA:36,3
DA:42,0
DA:45,0
DA:46,0
DA:56,8
DA:59,8
DA:61,8
DA:62,0
DA:63,0
DA:64,0
DA:68,8
DA:69,1
DA:72,7
DA:78,4
DA:80,4
DA:83,4
DA:86,4
DA:87,4
DA:90,0
DA:96,4
DA:99,1
DA:100,0
DA:101,0
DA:105,1
DA:106,1
DA:107,4
DA:110,1
DA:111,0
DA:112,0
DA:116,1
DA:118,1
DA:124,3
DA:125,3
DA:126,3
DA:127,3
DA:128,3
DA:130,0
DA:134,3
DA:138,0
DA:142,0
DA:146,0
DA:150,0
DA:154,0
DA:158,0
DA:162,4
LF:61
LH:43
BRDA:29,0,0,3
BRDA:34,1,0,3
BRDA:56,2,0,7
BRDA:56,2,1,7
BRDA:61,3,0,0
BRDA:68,4,0,1
BRDA:68,4,1,7
BRDA:86,5,0,4
BRDA:99,6,0,0
BRDA:110,7,0,0
BRDA:125,8,0,3
BRDA:126,9,0,3
BRDA:126,9,1,0
BRDA:127,10,0,0
BRF:14
BRH:9
end_of_record
TN:
SF:src\Disciplina.ts
FN:7,(anonymous_0)
FN:14,(anonymous_1)
FN:18,(anonymous_2)
FN:22,(anonymous_3)
FNF:4
FNH:4
FNDA:31,(anonymous_0)
FNDA:40,(anonymous_1)
FNDA:6,(anonymous_2)
FNDA:6,(anonymous_3)
DA:2,6
DA:8,31
DA:9,31
DA:10,31
DA:15,40
DA:19,6
DA:23,6
LF:7
LH:7
BRF:0
BRH:0
end_of_record
TN:
SF:src\Nota.js
FN:4,(anonymous_0)
FN:5,Nota
FN:12,(anonymous_2)
FN:31,(anonymous_3)
FN:35,(anonymous_4)
FN:42,(anonymous_5)
FN:49,(anonymous_6)
FN:56,(anonymous_7)
FN:63,(anonymous_8)
FNF:9
FNH:4
FNDA:8,(anonymous_0)
FNDA:1,Nota
FNDA:0,(anonymous_2)
FNDA:0,(anonymous_3)
FNDA:4,(anonymous_4)
FNDA:0,(anonymous_5)
FNDA:0,(anonymous_6)
FNDA:0,(anonymous_7)
FNDA:1,(anonymous_8)
DA:2,8
DA:3,8
DA:4,8
DA:6,1
DA:7,1
DA:8,1
DA:9,1
DA:10,1
DA:12,8
DA:13,0
DA:14,0
DA:15,0
DA:17,0
DA:20,0
DA:22,0
DA:26,0
DA:31,8
DA:32,0
DA:34,8
DA:36,4
DA:41,8
DA:43,0
DA:48,8
DA:50,0
DA:55,8
DA:57,0
DA:62,8
DA:64,1
DA:69,8
DA:71,8
LF:30
LH:19
BRDA:14,0,0,0
BRDA:14,0,1,0
BRDA:14,1,0,0
BRDA:14,1,1,0
BRDA:20,2,0,0
BRDA:20,2,1,0
BRF:6
BRH:0
end_of_record
TN:
SF:src\Nota.ts
FN:12,(anonymous_0)
FN:20,(anonymous_1)
FN:39,(anonymous_2)
FN:43,(anonymous_3)
FN:47,(anonymous_4)
FN:51,(anonymous_5)
FN:55,(anonymous_6)
FN:59,(anonymous_7)
FNF:8
FNH:8
FNDA:17,(anonymous_0)
FNDA:6,(anonymous_1)
FNDA:2,(anonymous_2)
FNDA:28,(anonymous_3)
FNDA:21,(anonymous_4)
FNDA:2,(anonymous_5)
FNDA:2,(anonymous_6)
FNDA:16,(anonymous_7)
DA:4,3
DA:13,17
DA:14,17
DA:15,17
DA:16,17
DA:17,17
DA:21,6
DA:22,6
DA:23,4
DA:25,2
DA:27,4
DA:29,4
DA:32,0
DA:40,2
DA:44,28
DA:48,21
DA:52,2
DA:56,2
DA:60,16
LF:19
LH:18
BRDA:22,0,0,4
BRDA:22,1,0,6
BRDA:22,1,1,4
BRDA:27,2,0,4
BRDA:27,2,1,0
BRF:5
BRH:4
end_of_record
TN:
SF:src\Professor.ts
FN:11,(anonymous_0)
FN:18,(anonymous_1)
FN:22,(anonymous_2)
FN:26,(anonymous_3)
FN:30,(anonymous_4)
FN:35,(anonymous_5)
FN:50,(anonymous_6)
FN:64,(anonymous_7)
FNF:8
FNH:8
FNDA:45,(anonymous_0)
FNDA:3,(anonymous_1)
FNDA:3,(anonymous_2)
FNDA:1,(anonymous_3)
FNDA:1,(anonymous_4)
FNDA:3,(anonymous_5)
FNDA:3,(anonymous_6)
FNDA:1,(anonymous_7)
DA:3,8
DA:5,8
DA:12,45
DA:13,45
DA:14,45
DA:15,45
DA:19,3
DA:23,3
DA:27,1
DA:31,1
DA:36,3
DA:37,0
DA:40,3
DA:41,2
DA:44,1
DA:45,1
DA:46,1
DA:51,3
DA:52,0
DA:55,3
DA:56,2
DA:59,1
DA:60,1
DA:65,1
DA:66,0
DA:69,1
DA:70,1
DA:71,1
DA:72,1
DA:73,1
LF:30
LH:27
BRDA:36,0,0,0
BRDA:36,1,0,3
BRDA:36,1,1,3
BRDA:40,2,0,2
BRDA:40,3,0,3
BRDA:40,3,1,2
BRDA:51,4,0,0
BRDA:51,5,0,3
BRDA:51,5,1,3
BRDA:55,6,0,2
BRDA:55,7,0,3
BRDA:55,7,1,2
BRDA:55,7,2,2
BRDA:65,8,0,0
BRDA:65,9,0,1
BRDA:65,9,1,1
BRF:16
BRH:13
end_of_record
TN:
SF:src\Turma.ts
FN:11,(anonymous_0)
FN:17,(anonymous_1)
FN:22,(anonymous_2)
FN:29,(anonymous_3)
FN:34,(anonymous_4)
FN:41,(anonymous_5)
FN:42,(anonymous_6)
FN:49,(anonymous_7)
FN:54,(anonymous_8)
FN:62,(anonymous_9)
FN:66,(anonymous_10)
FN:70,(anonymous_11)
FN:74,(anonymous_12)
FN:78,(anonymous_13)
FNF:14
FNH:12
FNDA:37,(anonymous_0)
FNDA:6,(anonymous_1)
FNDA:2,(anonymous_2)
FNDA:8,(anonymous_3)
FNDA:2,(anonymous_4)
FNDA:4,(anonymous_5)
FNDA:2,(anonymous_6)
FNDA:0,(anonymous_7)
FNDA:0,(anonymous_8)
FNDA:2,(anonymous_9)
FNDA:2,(anonymous_10)
FNDA:2,(anonymous_11)
FNDA:4,(anonymous_12)
FNDA:4,(anonymous_13)
DA:4,6
DA:8,37
DA:9,37
DA:12,37
DA:13,37
DA:14,37
DA:18,6
DA:19,0
DA:22,6
DA:23,2
DA:26,4
DA:30,8
DA:31,0
DA:34,8
DA:35,2
DA:38,6
DA:42,4
DA:43,2
DA:45,2
DA:50,0
DA:54,0
DA:63,2
DA:67,2
DA:71,2
DA:75,4
DA:79,4
LF:26
LH:22
BRDA:18,0,0,0
BRDA:18,1,0,6
BRDA:18,1,1,6
BRDA:18,1,2,6
BRDA:22,2,0,2
BRDA:30,3,0,0
BRDA:30,4,0,8
BRDA:30,4,1,8
BRDA:30,4,2,8
BRDA:34,5,0,2
BRDA:34,6,0,2
BRDA:34,6,1,2
BRDA:42,7,0,2
BRDA:42,7,1,2
BRDA:42,8,0,2
BRDA:42,8,1,2
BRF:16
BRH:14
end_of_record
